
 PRINT VOLT NODAL SOLUTION PER NODE
 
  ***** POST1 NODAL DEGREE OF FREEDOM LISTING *****                            
 
  LOAD STEP=     1  SUBSTEP=     1                                             
   TIME=    1.0000      LOAD CASE=   0                                         
 
    NODE      VOLT  
       1   1000.0    
       2   0.0000    
       3   0.0000    
       4   923.43    
       5   0.0000    
       6   0.0000    
       7   923.90    
       8   921.87    
       9   1000.0    
      10   1000.0    
      11   1000.0    
      12   1000.0    
      13   1000.0    
      14   1000.0    
      15   1000.0    
      16   1000.0    
      17   1000.0    
      18   1000.0    
      19   1000.0    
      20   1000.0    
      21   1000.0    
      22   1000.0    
      23   1000.0    
      24   1000.0    
      25   1000.0    
      26   1000.0    
      27   1000.0    
      28   1000.0    
      29   1000.0    
      30   1000.0    
      31   1000.0    
      32   1000.0    
      33   1000.0    
      34   1000.0    
      35   1000.0    
      36   1000.0    
      37   1000.0    
      38   1000.0    
      39   1000.0    
 
  ***** POST1 NODAL DEGREE OF FREEDOM LISTING *****                            
 
  LOAD STEP=     1  SUBSTEP=     1                                             
   TIME=    1.0000      LOAD CASE=   0                                         
 
    NODE      VOLT  
      40   1000.0    
      41   1000.0    
      42   1000.0    
      43   1000.0    
      44   1000.0    
      45   1000.0    
      46   1000.0    
      47   1000.0    
      48   1000.0    
      49   1000.0    
      50   1000.0    
      51   1000.0    
      52   1000.0    
      53   1000.0    
      54   1000.0    
      55   1000.0    
      56   1000.0    
      57   1000.0    
      58   1000.0    
      59   1000.0    
      60   1000.0    
      61   1000.0    
      62   1000.0    
      63   1000.0    
      64   1000.0    
      65   1000.0    
      66   1000.0    
      67   1000.0    
      68   1000.0    
      69   1000.0    
      70   1000.0    
      71   1000.0    
      72   1000.0    
      73   1000.0    
      74   1000.0    
      75   1000.0    
      76   1000.0    
      77   1000.0    
      78   1000.0    
 
  ***** POST1 NODAL DEGREE OF FREEDOM LISTING *****                            
 
  LOAD STEP=     1  SUBSTEP=     1                                             
   TIME=    1.0000      LOAD CASE=   0                                         
 
    NODE      VOLT  
      79   1000.0    
      80   1000.0    
      81   1000.0    
      82   1000.0    
      83   1000.0    
      84   1000.0    
      85   1000.0    
      86   1000.0    
      87   1000.0    
      88   1000.0    
      89   1000.0    
      90   1000.0    
      91   1000.0    
      92   1000.0    
      93   1000.0    
      94   1000.0    
      95   1000.0    
      96   1000.0    
      97   1000.0    
      98   1000.0    
      99   1000.0    
     100   1000.0    
     101   1000.0    
     102   1000.0    
     103   1000.0    
     104   1000.0    
     105   1000.0    
     106   1000.0    
     107   1000.0    
     108   1000.0    
     109   1000.0    
     110   1000.0    
     111   1000.0    
     112   1000.0    
     113   1000.0    
     114   1000.0    
     115   1000.0    
     116   1000.0    
     117   1000.0    
 
  ***** POST1 NODAL DEGREE OF FREEDOM LISTING *****                            
 
  LOAD STEP=     1  SUBSTEP=     1                                             
   TIME=    1.0000      LOAD CASE=   0                                         
 
    NODE      VOLT  
     118   1000.0    
     119   1000.0    
     120   1000.0    
     121   1000.0    
     122   1000.0    
     123   1000.0    
     124   1000.0    
     125   1000.0    
     126   1000.0    
     127   1000.0    
     128   1000.0    
     129   1000.0    
     130   1000.0    
     131   1000.0    
     132   1000.0    
     133   1000.0    
     134   1000.0    
     135   1000.0    
     136   1000.0    
     137   1000.0    
     138   1000.0    
     139   1000.0    
     140   1000.0    
     141   1000.0    
     142   1000.0    
     143   1000.0    
     144   1000.0    
     145   1000.0    
     146   1000.0    
     147   1000.0    
     148   1000.0    
     149   1000.0    
     150   1000.0    
     151   1000.0    
     152   1000.0    
     153   1000.0    
     154   1000.0    
     155   1000.0    
     156   1000.0    
 
  ***** POST1 NODAL DEGREE OF FREEDOM LISTING *****                            
 
  LOAD STEP=     1  SUBSTEP=     1                                             
   TIME=    1.0000      LOAD CASE=   0                                         
 
    NODE      VOLT  
     157   1000.0    
     158   1000.0    
     159   1000.0    
     160   1000.0    
     161   1000.0    
     162   1000.0    
     163   1000.0    
     164   1000.0    
     165   1000.0    
     166   1000.0    
     167   1000.0    
     168   1000.0    
     169   1000.0    
     170   1000.0    
     171   1000.0    
     172   1000.0    
     173   1000.0    
     174   1000.0    
     175   1000.0    
     176   1000.0    
     177   1000.0    
     178   1000.0    
     179   1000.0    
     180   1000.0    
     181   1000.0    
     182   1000.0    
     183   1000.0    
     184   1000.0    
     185   1000.0    
     186   1000.0    
     187   1000.0    
     188   1000.0    
     189   1000.0    
     190   1000.0    
     191   1000.0    
     192   1000.0    
     193   1000.0    
     194   1000.0    
     195   1000.0    
 
  ***** POST1 NODAL DEGREE OF FREEDOM LISTING *****                            
 
  LOAD STEP=     1  SUBSTEP=     1                                             
   TIME=    1.0000      LOAD CASE=   0                                         
 
    NODE      VOLT  
     196   1000.0    
     197   1000.0    
     198   1000.0    
     199   1000.0    
     200   1000.0    
     201   1000.0    
     202   1000.0    
     203   1000.0    
     204   1000.0    
     205   884.81    
     206   776.72    
     207   649.38    
     208   525.36    
     209   262.27    
     210   261.15    
     211   523.54    
     212   645.63    
     213   765.80    
     214   849.39    
     215   0.0000    
     216   0.0000    
     217   0.0000    
     218   0.0000    
     219   0.0000    
     220   0.0000    
     221   261.48    
     222   523.87    
     223   645.59    
     224   765.25    
     225   849.07    
     226   846.96    
     227   762.82    
     228   642.98    
     229   521.61    
     230   260.37    
     231   0.0000    
     232   0.0000    
     233   0.0000    
     234   0.0000    
 
  ***** POST1 NODAL DEGREE OF FREEDOM LISTING *****                            
 
  LOAD STEP=     1  SUBSTEP=     1                                             
   TIME=    1.0000      LOAD CASE=   0                                         
 
    NODE      VOLT  
     235   0.0000    
     236   0.0000    
     237   1000.0    
     238   1000.0    
     239   1000.0    
     240   962.04    
     241   986.79    
     242   995.99    
     243   987.16    
     244   997.07    
     245   989.14    
     246   1000.0    
     247   1000.0    
     248   1000.0    
     249   1000.0    
     250   1000.0    
     251   1000.0    
     252   1000.0    
     253   1000.0    
     254   1000.0    
     255   1000.0    
     256   1000.0    
     257   975.57    
     258   965.28    
     259   973.01    
     260   968.41    
     261   960.42    
     262   1000.0    
     263   1000.0    
     264   1000.0    
     265   1000.0    
     266   1000.0    
     267   1000.0    
     268   1000.0    
     269   1000.0    
     270   1000.0    
     271   1000.0    
     272   1000.0    
     273   1000.0    
 
  ***** POST1 NODAL DEGREE OF FREEDOM LISTING *****                            
 
  LOAD STEP=     1  SUBSTEP=     1                                             
   TIME=    1.0000      LOAD CASE=   0                                         
 
    NODE      VOLT  
     274   1000.0    
     275   1000.0    
     276   1000.0    
     277   1000.0    
     278   1000.0    
     279   992.39    
     280   999.03    
     281   997.60    
     282   993.93    
     283   997.75    
     284   996.96    
     285   990.13    
     286   996.23    
     287   998.83    
     288   994.23    
     289   988.50    
     290   982.29    
     291   994.06    
     292   987.83    
     293   979.03    
     294   983.82    
     295   988.30    
     296   992.98    
     297   991.49    
     298   1000.0    
     299   1000.0    
     300   1000.0    
     301   959.76    
     302   985.63    
     303   995.87    
     304   985.52    
     305   995.71    
     306   987.29    
     307   1000.0    
     308   1000.0    
     309   1000.0    
     310   1000.0    
     311   1000.0    
     312   1000.0    
 
  ***** POST1 NODAL DEGREE OF FREEDOM LISTING *****                            
 
  LOAD STEP=     1  SUBSTEP=     1                                             
   TIME=    1.0000      LOAD CASE=   0                                         
 
    NODE      VOLT  
     313   1000.0    
     314   1000.0    
     315   1000.0    
     316   1000.0    
     317   1000.0    
     318   965.06    
     319   973.10    
     320   965.00    
     321   964.89    
     322   954.54    
     323   1000.0    
     324   1000.0    
     325   1000.0    
     326   1000.0    
     327   1000.0    
     328   1000.0    
     329   1000.0    
     330   1000.0    
     331   1000.0    
     332   1000.0    
     333   1000.0    
     334   1000.0    
     335   1000.0    
     336   1000.0    
     337   1000.0    
     338   1000.0    
     339   1000.0    
     340   991.23    
     341   997.50    
     342   996.48    
     343   988.54    
     344   995.79    
     345   993.89    
     346   998.01    
     347   994.99    
     348   993.39    
     349   997.59    
     350   987.07    
     351   986.00    
 
  ***** POST1 NODAL DEGREE OF FREEDOM LISTING *****                            
 
  LOAD STEP=     1  SUBSTEP=     1                                             
   TIME=    1.0000      LOAD CASE=   0                                         
 
    NODE      VOLT  
     352   997.10    
     353   999.08    
     354   992.58    
     355   985.65    
     356   988.52    
     357   976.89    
     358   983.95    
     359   979.06    
     360   983.87    
     361   1000.0    
     362   1000.0    
     363   1000.0    
     364   963.02    
     365   987.46    
     366   996.64    
     367   987.62    
     368   996.36    
     369   989.21    
     370   1000.0    
     371   1000.0    
     372   1000.0    
     373   1000.0    
     374   1000.0    
     375   1000.0    
     376   1000.0    
     377   1000.0    
     378   1000.0    
     379   1000.0    
     380   1000.0    
     381   976.20    
     382   978.29    
     383   967.54    
     384   973.71    
     385   963.60    
     386   1000.0    
     387   1000.0    
     388   1000.0    
     389   1000.0    
     390   1000.0    
 
  ***** POST1 NODAL DEGREE OF FREEDOM LISTING *****                            
 
  LOAD STEP=     1  SUBSTEP=     1                                             
   TIME=    1.0000      LOAD CASE=   0                                         
 
    NODE      VOLT  
     391   1000.0    
     392   1000.0    
     393   1000.0    
     394   1000.0    
     395   1000.0    
     396   1000.0    
     397   1000.0    
     398   1000.0    
     399   1000.0    
     400   1000.0    
     401   1000.0    
     402   1000.0    
     403   992.67    
     404   997.86    
     405   987.10    
     406   994.73    
     407   998.06    
     408   997.06    
     409   998.47    
     410   995.98    
     411   995.35    
     412   997.92    
     413   999.33    
     414   991.78    
     415   990.04    
     416   980.10    
     417   996.49    
     418   990.25    
     419   982.89    
     420   985.60    
     421   994.04    
     422   988.35    
     423   997.90    
     424   988.82    
     425   1000.0    
     426   1000.0    
     427   1000.0    
     428   1000.0    
     429   1000.0    
 
  ***** POST1 NODAL DEGREE OF FREEDOM LISTING *****                            
 
  LOAD STEP=     1  SUBSTEP=     1                                             
   TIME=    1.0000      LOAD CASE=   0                                         
 
    NODE      VOLT  
     430   1000.0    
     431   1000.0    
     432   1000.0    
     433   1000.0    
     434   1000.0    
     435   1000.0    
     436   1000.0    
     437   1000.0    
     438   1000.0    
     439   1000.0    
     440   1000.0    
     441   1000.0    
     442   1000.0    
     443   1000.0    
     444   961.93    
     445   965.25    
     446   967.99    
     447   975.57    
     448   972.80    
     449   960.11    
     450   1000.0    
     451   1000.0    
     452   1000.0    
     453   1000.0    
     454   1000.0    
     455   1000.0    
     456   1000.0    
     457   1000.0    
     458   1000.0    
     459   1000.0    
     460   1000.0    
     461   1000.0    
     462   986.90    
     463   997.04    
     464   987.33    
     465   996.55    
     466   989.43    
     467   991.77    
     468   997.71    
 
  ***** POST1 NODAL DEGREE OF FREEDOM LISTING *****                            
 
  LOAD STEP=     1  SUBSTEP=     1                                             
   TIME=    1.0000      LOAD CASE=   0                                         
 
    NODE      VOLT  
     469   994.10    
     470   986.75    
     471   996.25    
     472   992.37    
     473   986.17    
     474   979.30    
     475   996.60    
     476   997.86    
     477   997.73    
     478   990.24    
     479   993.87    
     480   998.21    
     481   988.26    
     482   994.40    
     483   988.40    
     484   980.91    
     485   991.43    
     486   994.56    
     487   999.24    
     488   1000.0    
     489   1000.0    
     490   1000.0    
     491   1000.0    
     492   1000.0    
     493   1000.0    
     494   1000.0    
     495   1000.0    
     496   1000.0    
     497   1000.0    
     498   1000.0    
     499   1000.0    
     500   1000.0    
     501   1000.0    
     502   1000.0    
     503   1000.0    
     504   1000.0    
     505   1000.0    
     506   1000.0    
     507   1000.0    
 
  ***** POST1 NODAL DEGREE OF FREEDOM LISTING *****                            
 
  LOAD STEP=     1  SUBSTEP=     1                                             
   TIME=    1.0000      LOAD CASE=   0                                         
 
    NODE      VOLT  
     508   970.68    
     509   972.41    
     510   970.78    
     511   973.59    
     512   960.92    
     513   1000.0    
     514   1000.0    
     515   1000.0    
     516   1000.0    
     517   1000.0    
     518   1000.0    
     519   1000.0    
     520   1000.0    
     521   1000.0    
     522   1000.0    
     523   1000.0    
     524   1000.0    
     525   1000.0    
     526   1000.0    
     527   1000.0    
     528   1000.0    
     529   1000.0    
     530   993.80    
     531   999.59    
     532   995.33    
     533   991.52    
     534   998.61    
     535   995.63    
     536   988.52    
     537   989.40    
     538   997.59    
     539   998.55    
     540   995.75    
     541   998.56    
     542   988.91    
     543   995.42    
     544   989.68    
     545   998.59    
     546   994.99    
 
  ***** POST1 NODAL DEGREE OF FREEDOM LISTING *****                            
 
  LOAD STEP=     1  SUBSTEP=     1                                             
   TIME=    1.0000      LOAD CASE=   0                                         
 
    NODE      VOLT  
     547   983.77    
     548   990.78    
     549   995.06    
     550   999.63    
     551   1000.0    
     552   1000.0    
     553   1000.0    
     554   1000.0    
     555   1000.0    
     556   1000.0    
     557   1000.0    
     558   1000.0    
     559   1000.0    
     560   1000.0    
     561   1000.0    
     562   1000.0    
     563   1000.0    
     564   1000.0    
     565   1000.0    
     566   1000.0    
     567   1000.0    
     568   1000.0    
     569   1000.0    
     570   1000.0    
     571   969.28    
     572   969.02    
     573   972.08    
     574   973.99    
     575   959.19    
     576   1000.0    
     577   1000.0    
     578   1000.0    
     579   1000.0    
     580   1000.0    
     581   1000.0    
     582   1000.0    
     583   1000.0    
     584   1000.0    
     585   1000.0    
 
  ***** POST1 NODAL DEGREE OF FREEDOM LISTING *****                            
 
  LOAD STEP=     1  SUBSTEP=     1                                             
   TIME=    1.0000      LOAD CASE=   0                                         
 
    NODE      VOLT  
     586   1000.0    
     587   1000.0    
     588   1000.0    
     589   1000.0    
     590   1000.0    
     591   1000.0    
     592   1000.0    
     593   993.51    
     594   999.55    
     595   995.05    
     596   991.60    
     597   998.59    
     598   997.53    
     599   998.52    
     600   995.22    
     601   995.14    
     602   998.49    
     603   994.88    
     604   998.53    
     605   989.21    
     606   999.62    
     607   994.74    
     608   990.30    
     609   988.88    
     610   983.10    
     611   989.76    
     612   991.21    
     613   999.57    
     614   988.32    
     615   1000.0    
     616   1000.0    
     617   1000.0    
     618   1000.0    
     619   1000.0    
     620   1000.0    
     621   1000.0    
     622   1000.0    
     623   1000.0    
     624   1000.0    
 
  ***** POST1 NODAL DEGREE OF FREEDOM LISTING *****                            
 
  LOAD STEP=     1  SUBSTEP=     1                                             
   TIME=    1.0000      LOAD CASE=   0                                         
 
    NODE      VOLT  
     625   1000.0    
     626   1000.0    
     627   1000.0    
     628   1000.0    
     629   1000.0    
     630   1000.0    
     631   1000.0    
     632   1000.0    
     633   1000.0    
     634   1000.0    
     635   974.73    
     636   970.62    
     637   976.21    
     638   973.31    
     639   963.19    
     640   1000.0    
     641   1000.0    
     642   1000.0    
     643   1000.0    
     644   1000.0    
     645   1000.0    
     646   1000.0    
     647   1000.0    
     648   1000.0    
     649   1000.0    
     650   1000.0    
     651   1000.0    
     652   1000.0    
     653   1000.0    
     654   1000.0    
     655   1000.0    
     656   1000.0    
     657   994.17    
     658   998.64    
     659   989.09    
     660   989.48    
     661   995.51    
     662   997.73    
     663   995.42    
 
  ***** POST1 NODAL DEGREE OF FREEDOM LISTING *****                            
 
  LOAD STEP=     1  SUBSTEP=     1                                             
   TIME=    1.0000      LOAD CASE=   0                                         
 
    NODE      VOLT  
     664   998.70    
     665   999.65    
     666   998.63    
     667   995.97    
     668   995.36    
     669   998.71    
     670   995.96    
     671   991.54    
     672   990.50    
     673   984.65    
     674   992.34    
     675   990.20    
     676   995.71    
     677   999.60    
     678   1000.0    
     679   1000.0    
     680   1000.0    
     681   1000.0    
     682   1000.0    
     683   1000.0    
     684   1000.0    
     685   1000.0    
     686   1000.0    
     687   1000.0    
     688   1000.0    
     689   1000.0    
     690   1000.0    
     691   1000.0    
     692   1000.0    
     693   1000.0    
     694   1000.0    
     695   1000.0    
     696   958.85    
     697   1000.0    
     698   963.16    
     699   972.88    
     700   966.43    
     701   972.46    
     702   956.43    
 
  ***** POST1 NODAL DEGREE OF FREEDOM LISTING *****                            
 
  LOAD STEP=     1  SUBSTEP=     1                                             
   TIME=    1.0000      LOAD CASE=   0                                         
 
    NODE      VOLT  
     703   1000.0    
     704   1000.0    
     705   1000.0    
     706   1000.0    
     707   1000.0    
     708   1000.0    
     709   1000.0    
     710   996.67    
     711   985.22    
     712   995.98    
     713   985.63    
     714   987.98    
     715   1000.0    
     716   1000.0    
     717   1000.0    
     718   1000.0    
     719   1000.0    
     720   991.51    
     721   998.43    
     722   999.41    
     723   993.31    
     724   989.09    
     725   993.29    
     726   999.42    
     727   997.66    
     728   996.55    
     729   997.59    
     730   989.14    
     731   976.85    
     732   995.83    
     733   991.43    
     734   986.03    
     735   980.13    
     736   994.83    
     737   986.65    
     738   984.32    
     739   989.07    
     740   997.51    
     741   1000.0    
 
  ***** POST1 NODAL DEGREE OF FREEDOM LISTING *****                            
 
  LOAD STEP=     1  SUBSTEP=     1                                             
   TIME=    1.0000      LOAD CASE=   0                                         
 
    NODE      VOLT  
     742   1000.0    
     743   1000.0    
     744   1000.0    
     745   1000.0    
     746   1000.0    
     747   1000.0    
     748   1000.0    
     749   1000.0    
     750   1000.0    
     751   1000.0    
     752   1000.0    
     753   1000.0    
     754   1000.0    
     755   1000.0    
     756   1000.0    
     757   1000.0    
     758   1000.0    
     759   961.39    
     760   1000.0    
     761   967.48    
     762   965.05    
     763   971.78    
     764   974.96    
     765   958.70    
     766   1000.0    
     767   1000.0    
     768   1000.0    
     769   1000.0    
     770   1000.0    
     771   1000.0    
     772   1000.0    
     773   996.20    
     774   986.99    
     775   996.45    
     776   987.00    
     777   988.68    
     778   1000.0    
     779   1000.0    
     780   1000.0    
 
  ***** POST1 NODAL DEGREE OF FREEDOM LISTING *****                            
 
  LOAD STEP=     1  SUBSTEP=     1                                             
   TIME=    1.0000      LOAD CASE=   0                                         
 
    NODE      VOLT  
     781   1000.0    
     782   1000.0    
     783   991.60    
     784   996.65    
     785   999.20    
     786   998.17    
     787   993.97    
     788   999.35    
     789   988.72    
     790   996.25    
     791   978.99    
     792   993.01    
     793   997.67    
     794   997.62    
     795   985.07    
     796   988.18    
     797   988.35    
     798   997.83    
     799   991.31    
     800   980.83    
     801   986.42    
     802   993.96    
     803   989.66    
     804   986.50    
     805   997.68    
     806   1000.0    
     807   1000.0    
     808   1000.0    
     809   1000.0    
     810   1000.0    
     811   1000.0    
     812   1000.0    
     813   1000.0    
     814   1000.0    
     815   1000.0    
     816   1000.0    
     817   1000.0    
     818   1000.0    
     819   1000.0    
 
  ***** POST1 NODAL DEGREE OF FREEDOM LISTING *****                            
 
  LOAD STEP=     1  SUBSTEP=     1                                             
   TIME=    1.0000      LOAD CASE=   0                                         
 
    NODE      VOLT  
     820   1000.0    
     821   1000.0    
     822   1000.0    
     823   1000.0    
     824   1000.0    
     825   1000.0    
     826   971.77    
     827   968.81    
     828   972.93    
     829   968.63    
     830   958.78    
     831   1000.0    
     832   1000.0    
     833   1000.0    
     834   1000.0    
     835   1000.0    
     836   1000.0    
     837   1000.0    
     838   1000.0    
     839   1000.0    
     840   1000.0    
     841   1000.0    
     842   1000.0    
     843   1000.0    
     844   1000.0    
     845   1000.0    
     846   1000.0    
     847   1000.0    
     848   993.85    
     849   995.36    
     850   988.42    
     851   988.55    
     852   999.88    
     853   994.68    
     854   995.59    
     855   989.03    
     856   999.61    
     857   998.58    
     858   997.71    
 
  ***** POST1 NODAL DEGREE OF FREEDOM LISTING *****                            
 
  LOAD STEP=     1  SUBSTEP=     1                                             
   TIME=    1.0000      LOAD CASE=   0                                         
 
    NODE      VOLT  
     859   990.97    
     860   988.83    
     861   999.90    
     862   994.91    
     863   998.56    
     864   988.28    
     865   998.55    
     866   983.69    
     867   995.25    
     868   998.81    
     869   1000.0    
     870   1000.0    
     871   1000.0    
     872   1000.0    
     873   1000.0    
     874   1000.0    
     875   1000.0    
     876   1000.0    
     877   1000.0    
     878   1000.0    
     879   1000.0    
     880   1000.0    
     881   1000.0    
     882   1000.0    
     883   1000.0    
     884   1000.0    
     885   1000.0    
     886   1000.0    
     887   1000.0    
     888   1000.0    
     889   968.55    
     890   968.82    
     891   968.56    
     892   968.87    
     893   957.83    
     894   1000.0    
     895   1000.0    
     896   1000.0    
     897   1000.0    
 
  ***** POST1 NODAL DEGREE OF FREEDOM LISTING *****                            
 
  LOAD STEP=     1  SUBSTEP=     1                                             
   TIME=    1.0000      LOAD CASE=   0                                         
 
    NODE      VOLT  
     898   1000.0    
     899   1000.0    
     900   1000.0    
     901   1000.0    
     902   1000.0    
     903   1000.0    
     904   1000.0    
     905   1000.0    
     906   1000.0    
     907   1000.0    
     908   1000.0    
     909   1000.0    
     910   1000.0    
     911   993.60    
     912   998.49    
     913   997.53    
     914   999.85    
     915   994.62    
     916   988.39    
     917   998.39    
     918   987.55    
     919   995.11    
     920   987.79    
     921   998.75    
     922   995.26    
     923   999.85    
     924   987.79    
     925   983.10    
     926   988.39    
     927   998.49    
     928   994.63    
     929   995.34    
     930   995.11    
     931   1000.0    
     932   1000.0    
     933   1000.0    
     934   1000.0    
     935   1000.0    
     936   1000.0    
 
  ***** POST1 NODAL DEGREE OF FREEDOM LISTING *****                            
 
  LOAD STEP=     1  SUBSTEP=     1                                             
   TIME=    1.0000      LOAD CASE=   0                                         
 
    NODE      VOLT  
     937   1000.0    
     938   1000.0    
     939   1000.0    
     940   1000.0    
     941   1000.0    
     942   1000.0    
     943   1000.0    
     944   1000.0    
     945   1000.0    
     946   1000.0    
     947   1000.0    
     948   1000.0    
     949   1000.0    
     950   1000.0    
     951   968.43    
     952   973.25    
     953   968.93    
     954   972.21    
     955   958.99    
     956   1000.0    
     957   1000.0    
     958   1000.0    
     959   1000.0    
     960   1000.0    
     961   1000.0    
     962   1000.0    
     963   1000.0    
     964   1000.0    
     965   1000.0    
     966   1000.0    
     967   1000.0    
     968   1000.0    
     969   1000.0    
     970   1000.0    
     971   1000.0    
     972   1000.0    
     973   993.54    
     974   995.66    
     975   988.09    
 
  ***** POST1 NODAL DEGREE OF FREEDOM LISTING *****                            
 
  LOAD STEP=     1  SUBSTEP=     1                                             
   TIME=    1.0000      LOAD CASE=   0                                         
 
    NODE      VOLT  
     976   989.08    
     977   997.50    
     978   994.73    
     979   998.52    
     980   999.58    
     981   995.18    
     982   998.56    
     983   995.61    
     984   998.49    
     985   988.25    
     986   998.49    
     987   995.12    
     988   989.14    
     989   983.03    
     990   991.12    
     991   990.20    
     992   994.78    
     993   999.63    
     994   1000.0    
     995   1000.0    
     996   1000.0    
     997   1000.0    
     998   1000.0    
     999   1000.0    
    1000   1000.0    
    1001   1000.0    
    1002   1000.0    
    1003   1000.0    
    1004   1000.0    
    1005   1000.0    
    1006   1000.0    
    1007   1000.0    
    1008   1000.0    
    1009   1000.0    
    1010   1000.0    
    1011   1000.0    
    1012   1000.0    
    1013   959.69    
    1014   972.96    
 
  ***** POST1 NODAL DEGREE OF FREEDOM LISTING *****                            
 
  LOAD STEP=     1  SUBSTEP=     1                                             
   TIME=    1.0000      LOAD CASE=   0                                         
 
    NODE      VOLT  
    1015   964.80    
    1016   964.88    
    1017   964.79    
    1018   954.18    
    1019   1000.0    
    1020   1000.0    
    1021   1000.0    
    1022   1000.0    
    1023   1000.0    
    1024   1000.0    
    1025   1000.0    
    1026   1000.0    
    1027   1000.0    
    1028   1000.0    
    1029   1000.0    
    1030   1000.0    
    1031   985.64    
    1032   995.89    
    1033   985.55    
    1034   995.84    
    1035   987.32    
    1036   990.80    
    1037   997.45    
    1038   996.32    
    1039   992.60    
    1040   997.42    
    1041   995.82    
    1042   988.43    
    1043   997.46    
    1044   984.01    
    1045   998.05    
    1046   987.63    
    1047   993.14    
    1048   999.11    
    1049   997.56    
    1050   990.58    
    1051   985.61    
    1052   999.25    
    1053   978.82    
 
  ***** POST1 NODAL DEGREE OF FREEDOM LISTING *****                            
 
  LOAD STEP=     1  SUBSTEP=     1                                             
   TIME=    1.0000      LOAD CASE=   0                                         
 
    NODE      VOLT  
    1054   976.81    
    1055   983.79    
    1056   993.64    
    1057   988.56    
    1058   986.57    
    1059   1000.0    
    1060   1000.0    
    1061   1000.0    
    1062   1000.0    
    1063   1000.0    
    1064   1000.0    
    1065   1000.0    
    1066   1000.0    
    1067   1000.0    
    1068   1000.0    
    1069   1000.0    
    1070   1000.0    
    1071   1000.0    
    1072   1000.0    
    1073   1000.0    
    1074   1000.0    
    1075   1000.0    
    1076   1000.0    
    1077   1000.0    
    1078   963.07    
    1079   978.24    
    1080   973.66    
    1081   976.21    
    1082   967.59    
    1083   963.55    
    1084   1000.0    
    1085   1000.0    
    1086   1000.0    
    1087   1000.0    
    1088   1000.0    
    1089   1000.0    
    1090   1000.0    
    1091   1000.0    
    1092   1000.0    
 
  ***** POST1 NODAL DEGREE OF FREEDOM LISTING *****                            
 
  LOAD STEP=     1  SUBSTEP=     1                                             
   TIME=    1.0000      LOAD CASE=   0                                         
 
    NODE      VOLT  
    1093   1000.0    
    1094   1000.0    
    1095   1000.0    
    1096   987.28    
    1097   997.20    
    1098   987.72    
    1099   996.39    
    1100   989.59    
    1101   992.67    
    1102   997.03    
    1103   994.05    
    1104   997.92    
    1105   997.89    
    1106   997.98    
    1107   994.88    
    1108   990.41    
    1109   996.42    
    1110   993.22    
    1111   988.54    
    1112   980.01    
    1113   995.32    
    1114   991.80    
    1115   999.33    
    1116   998.47    
    1117   990.09    
    1118   996.01    
    1119   988.39    
    1120   983.08    
    1121   985.62    
    1122   1000.0    
    1123   1000.0    
    1124   1000.0    
    1125   1000.0    
    1126   1000.0    
    1127   1000.0    
    1128   1000.0    
    1129   1000.0    
    1130   1000.0    
    1131   1000.0    
 
  ***** POST1 NODAL DEGREE OF FREEDOM LISTING *****                            
 
  LOAD STEP=     1  SUBSTEP=     1                                             
   TIME=    1.0000      LOAD CASE=   0                                         
 
    NODE      VOLT  
    1132   1000.0    
    1133   1000.0    
    1134   1000.0    
    1135   1000.0    
    1136   1000.0    
    1137   1000.0    
    1138   1000.0    
    1139   1000.0    
    1140   1000.0    
    1141   1000.0    
    1142   971.58    
    1143   971.99    
    1144   972.34    
    1145   971.15    
    1146   961.10    
    1147   1000.0    
    1148   1000.0    
    1149   1000.0    
    1150   1000.0    
    1151   1000.0    
    1152   1000.0    
    1153   1000.0    
    1154   1000.0    
    1155   1000.0    
    1156   1000.0    
    1157   1000.0    
    1158   1000.0    
    1159   1000.0    
    1160   1000.0    
    1161   1000.0    
    1162   1000.0    
    1163   1000.0    
    1164   994.10    
    1165   999.86    
    1166   995.67    
    1167   997.78    
    1168   998.87    
    1169   989.48    
    1170   998.64    
 
  ***** POST1 NODAL DEGREE OF FREEDOM LISTING *****                            
 
  LOAD STEP=     1  SUBSTEP=     1                                             
   TIME=    1.0000      LOAD CASE=   0                                         
 
    NODE      VOLT  
    1171   994.92    
    1172   999.63    
    1173   998.58    
    1174   999.86    
    1175   995.51    
    1176   998.61    
    1177   989.39    
    1178   984.48    
    1179   995.18    
    1180   988.84    
    1181   989.43    
    1182   995.32    
    1183   989.24    
    1184   991.15    
    1185   1000.0    
    1186   1000.0    
    1187   1000.0    
    1188   1000.0    
    1189   1000.0    
    1190   1000.0    
    1191   1000.0    
    1192   1000.0    
    1193   1000.0    
    1194   1000.0    
    1195   1000.0    
    1196   1000.0    
    1197   1000.0    
    1198   1000.0    
    1199   1000.0    
    1200   1000.0    
    1201   1000.0    
    1202   1000.0    
    1203   1000.0    
    1204   1000.0    
    1205   971.70    
    1206   972.54    
    1207   968.93    
    1208   968.34    
    1209   958.51    
 
  ***** POST1 NODAL DEGREE OF FREEDOM LISTING *****                            
 
  LOAD STEP=     1  SUBSTEP=     1                                             
   TIME=    1.0000      LOAD CASE=   0                                         
 
    NODE      VOLT  
    1210   1000.0    
    1211   1000.0    
    1212   1000.0    
    1213   1000.0    
    1214   1000.0    
    1215   1000.0    
    1216   1000.0    
    1217   1000.0    
    1218   1000.0    
    1219   1000.0    
    1220   1000.0    
    1221   1000.0    
    1222   1000.0    
    1223   1000.0    
    1224   1000.0    
    1225   1000.0    
    1226   1000.0    
    1227   993.47    
    1228   995.10    
    1229   994.75    
    1230   995.55    
    1231   998.47    
    1232   998.48    
    1233   997.47    
    1234   995.56    
    1235   998.54    
    1236   995.10    
    1237   998.50    
    1238   989.03    
    1239   999.57    
    1240   994.68    
    1241   990.96    
    1242   988.89    
    1243   987.94    
    1244   988.18    
    1245   982.83    
    1246   990.19    
    1247   999.62    
    1248   1000.0    
 
  ***** POST1 NODAL DEGREE OF FREEDOM LISTING *****                            
 
  LOAD STEP=     1  SUBSTEP=     1                                             
   TIME=    1.0000      LOAD CASE=   0                                         
 
    NODE      VOLT  
    1249   1000.0    
    1250   1000.0    
    1251   1000.0    
    1252   1000.0    
    1253   1000.0    
    1254   1000.0    
    1255   1000.0    
    1256   1000.0    
    1257   1000.0    
    1258   1000.0    
    1259   1000.0    
    1260   1000.0    
    1261   1000.0    
    1262   1000.0    
    1263   1000.0    
    1264   1000.0    
    1265   1000.0    
    1266   1000.0    
    1267   1000.0    
    1268   973.47    
    1269   972.43    
    1270   972.64    
    1271   969.78    
    1272   962.09    
    1273   1000.0    
    1274   1000.0    
    1275   1000.0    
    1276   1000.0    
    1277   1000.0    
    1278   1000.0    
    1279   1000.0    
    1280   1000.0    
    1281   1000.0    
    1282   1000.0    
    1283   1000.0    
    1284   1000.0    
    1285   1000.0    
    1286   1000.0    
    1287   1000.0    
 
  ***** POST1 NODAL DEGREE OF FREEDOM LISTING *****                            
 
  LOAD STEP=     1  SUBSTEP=     1                                             
   TIME=    1.0000      LOAD CASE=   0                                         
 
    NODE      VOLT  
    1288   1000.0    
    1289   1000.0    
    1290   993.86    
    1291   997.68    
    1292   998.58    
    1293   995.37    
    1294   995.10    
    1295   998.55    
    1296   995.57    
    1297   994.86    
    1298   998.57    
    1299   999.65    
    1300   989.49    
    1301   989.06    
    1302   990.03    
    1303   998.62    
    1304   995.10    
    1305   999.60    
    1306   991.52    
    1307   989.59    
    1308   984.39    
    1309   990.51    
    1310   991.33    
    1311   999.59    
    1312   1000.0    
    1313   1000.0    
    1314   1000.0    
    1315   1000.0    
    1316   1000.0    
    1317   1000.0    
    1318   1000.0    
    1319   1000.0    
    1320   1000.0    
    1321   1000.0    
    1322   1000.0    
    1323   1000.0    
    1324   1000.0    
    1325   1000.0    
    1326   1000.0    
 
  ***** POST1 NODAL DEGREE OF FREEDOM LISTING *****                            
 
  LOAD STEP=     1  SUBSTEP=     1                                             
   TIME=    1.0000      LOAD CASE=   0                                         
 
    NODE      VOLT  
    1327   1000.0    
    1328   1000.0    
    1329   1000.0    
    1330   961.62    
    1331   1000.0    
    1332   966.28    
    1333   973.91    
    1334   965.71    
    1335   964.89    
    1336   955.84    
    1337   1000.0    
    1338   1000.0    
    1339   1000.0    
    1340   1000.0    
    1341   1000.0    
    1342   1000.0    
    1343   1000.0    
    1344   996.08    
    1345   986.34    
    1346   996.77    
    1347   985.76    
    1348   988.40    
    1349   1000.0    
    1350   1000.0    
    1351   1000.0    
    1352   1000.0    
    1353   1000.0    
    1354   991.53    
    1355   999.54    
    1356   992.84    
    1357   987.08    
    1358   998.40    
    1359   999.43    
    1360   993.38    
    1361   988.99    
    1362   996.59    
    1363   997.53    
    1364   997.71    
    1365   995.90    
 
  ***** POST1 NODAL DEGREE OF FREEDOM LISTING *****                            
 
  LOAD STEP=     1  SUBSTEP=     1                                             
   TIME=    1.0000      LOAD CASE=   0                                         
 
    NODE      VOLT  
    1366   989.33    
    1367   997.58    
    1368   984.62    
    1369   986.77    
    1370   985.35    
    1371   980.21    
    1372   994.56    
    1373   991.75    
    1374   977.63    
    1375   1000.0    
    1376   1000.0    
    1377   1000.0    
    1378   1000.0    
    1379   1000.0    
    1380   1000.0    
    1381   1000.0    
    1382   1000.0    
    1383   1000.0    
    1384   961.55    
    1385   1000.0    
    1386   1000.0    
    1387   1000.0    
    1388   996.46    
    1389   996.00    
    1390   987.10    
    1391   986.51    
    1392   988.54    
    1393   1000.0    
    1394   1000.0    
    1395   972.39    
    1396   967.74    
    1397   975.42    
    1398   964.85    
    1399   959.54    
    1400   1000.0    
    1401   1000.0    
    1402   1000.0    
    1403   1000.0    
    1404   1000.0    
 
  ***** POST1 NODAL DEGREE OF FREEDOM LISTING *****                            
 
  LOAD STEP=     1  SUBSTEP=     1                                             
   TIME=    1.0000      LOAD CASE=   0                                         
 
    NODE      VOLT  
    1405   1000.0    
    1406   1000.0    
    1407   1000.0    
    1408   1000.0    
    1409   1000.0    
    1410   1000.0    
    1411   1000.0    
    1412   1000.0    
    1413   1000.0    
    1414   1000.0    
    1415   1000.0    
    1416   1000.0    
    1417   991.90    
    1418   993.89    
    1419   999.57    
    1420   987.57    
    1421   997.92    
    1422   996.77    
    1423   996.29    
    1424   997.84    
    1425   989.66    
    1426   997.88    
    1427   988.43    
    1428   994.10    
    1429   997.71    
    1430   986.58    
    1431   978.88    
    1432   988.26    
    1433   983.52    
    1434   998.23    
    1435   993.99    
    1436   981.49    
    1437   991.42    
    1438   999.23    
    1439   1000.0    
    1440   1000.0    
    1441   1000.0    
    1442   1000.0    
    1443   1000.0    
 
  ***** POST1 NODAL DEGREE OF FREEDOM LISTING *****                            
 
  LOAD STEP=     1  SUBSTEP=     1                                             
   TIME=    1.0000      LOAD CASE=   0                                         
 
    NODE      VOLT  
    1444   1000.0    
    1445   1000.0    
    1446   1000.0    
    1447   1000.0    
    1448   956.48    
    1449   1000.0    
    1450   1000.0    
    1451   1000.0    
    1452   996.51    
    1453   996.52    
    1454   984.51    
    1455   984.62    
    1456   987.73    
    1457   1000.0    
    1458   1000.0    
    1459   963.38    
    1460   962.83    
    1461   964.70    
    1462   971.84    
    1463   953.13    
    1464   1000.0    
    1465   1000.0    
    1466   1000.0    
    1467   1000.0    
    1468   1000.0    
    1469   1000.0    
    1470   1000.0    
    1471   1000.0    
    1472   1000.0    
    1473   1000.0    
    1474   1000.0    
    1475   1000.0    
    1476   1000.0    
    1477   1000.0    
    1478   1000.0    
    1479   1000.0    
    1480   1000.0    
    1481   990.31    
    1482   997.40    
 
  ***** POST1 NODAL DEGREE OF FREEDOM LISTING *****                            
 
  LOAD STEP=     1  SUBSTEP=     1                                             
   TIME=    1.0000      LOAD CASE=   0                                         
 
    NODE      VOLT  
    1483   975.23    
    1484   985.68    
    1485   991.19    
    1486   996.05    
    1487   999.07    
    1488   992.92    
    1489   995.46    
    1490   988.80    
    1491   999.19    
    1492   988.35    
    1493   993.40    
    1494   997.31    
    1495   991.17    
    1496   990.12    
    1497   987.31    
    1498   997.95    
    1499   978.35    
    1500   984.90    
    1501   992.39    
    1502   1000.0    
    1503   1000.0    
    1504   1000.0    
    1505   1000.0    
    1506   1000.0    
    1507   1000.0    
    1508   1000.0    
    1509   1000.0    
    1510   1000.0    
    1511   963.97    
    1512   1000.0    
    1513   1000.0    
    1514   1000.0    
    1515   996.64    
    1516   997.16    
    1517   987.70    
    1518   987.44    
    1519   989.81    
    1520   1000.0    
    1521   1000.0    
 
  ***** POST1 NODAL DEGREE OF FREEDOM LISTING *****                            
 
  LOAD STEP=     1  SUBSTEP=     1                                             
   TIME=    1.0000      LOAD CASE=   0                                         
 
    NODE      VOLT  
    1522   972.89    
    1523   968.25    
    1524   977.85    
    1525   976.64    
    1526   963.34    
    1527   1000.0    
    1528   1000.0    
    1529   1000.0    
    1530   1000.0    
    1531   1000.0    
    1532   1000.0    
    1533   1000.0    
    1534   1000.0    
    1535   1000.0    
    1536   1000.0    
    1537   1000.0    
    1538   1000.0    
    1539   1000.0    
    1540   1000.0    
    1541   1000.0    
    1542   1000.0    
    1543   1000.0    
    1544   992.64    
    1545   997.91    
    1546   994.33    
    1547   996.98    
    1548   999.33    
    1549   992.65    
    1550   996.46    
    1551   990.75    
    1552   995.92    
    1553   991.89    
    1554   988.66    
    1555   997.88    
    1556   994.65    
    1557   986.95    
    1558   990.01    
    1559   982.69    
    1560   998.04    
 
  ***** POST1 NODAL DEGREE OF FREEDOM LISTING *****                            
 
  LOAD STEP=     1  SUBSTEP=     1                                             
   TIME=    1.0000      LOAD CASE=   0                                         
 
    NODE      VOLT  
    1561   998.46    
    1562   995.36    
    1563   988.28    
    1564   980.21    
    1565   1000.0    
    1566   1000.0    
    1567   1000.0    
    1568   960.51    
    1569   986.70    
    1570   996.16    
    1571   986.26    
    1572   996.95    
    1573   988.79    
    1574   1000.0    
    1575   1000.0    
    1576   1000.0    
    1577   1000.0    
    1578   1000.0    
    1579   1000.0    
    1580   1000.0    
    1581   1000.0    
    1582   1000.0    
    1583   1000.0    
    1584   1000.0    
    1585   975.47    
    1586   973.17    
    1587   966.52    
    1588   969.92    
    1589   959.83    
    1590   1000.0    
    1591   1000.0    
    1592   1000.0    
    1593   1000.0    
    1594   1000.0    
    1595   1000.0    
    1596   1000.0    
    1597   1000.0    
    1598   1000.0    
    1599   1000.0    
 
  ***** POST1 NODAL DEGREE OF FREEDOM LISTING *****                            
 
  LOAD STEP=     1  SUBSTEP=     1                                             
   TIME=    1.0000      LOAD CASE=   0                                         
 
    NODE      VOLT  
    1600   1000.0    
    1601   1000.0    
    1602   1000.0    
    1603   1000.0    
    1604   1000.0    
    1605   1000.0    
    1606   1000.0    
    1607   992.13    
    1608   997.81    
    1609   998.29    
    1610   995.35    
    1611   997.83    
    1612   995.53    
    1613   995.30    
    1614   996.75    
    1615   993.85    
    1616   989.74    
    1617   996.13    
    1618   997.73    
    1619   981.16    
    1620   984.80    
    1621   978.36    
    1622   992.47    
    1623   987.06    
    1624   994.21    
    1625   988.49    
    1626   987.18    
    1627   1000.0    
    1628   1000.0    
    1629   970.83    
    1630   939.46    
    1631   987.03    
    1632   994.39    
    1633   953.30    
    1634   979.04    
    1635   977.75    
    1636   1000.0    
    1637   1000.0    
    1638   1000.0    
 
  ***** POST1 NODAL DEGREE OF FREEDOM LISTING *****                            
 
  LOAD STEP=     1  SUBSTEP=     1                                             
   TIME=    1.0000      LOAD CASE=   0                                         
 
    NODE      VOLT  
    1639   1000.0    
    1640   1000.0    
    1641   1000.0    
    1642   1000.0    
    1643   1000.0    
    1644   1000.0    
    1645   938.78    
    1646   1000.0    
    1647   958.63    
    1648   970.85    
    1649   929.44    
    1650   959.44    
    1651   944.48    
    1652   1000.0    
    1653   1000.0    
    1654   1000.0    
    1655   1000.0    
    1656   1000.0    
    1657   1000.0    
    1658   1000.0    
    1659   1000.0    
    1660   1000.0    
    1661   1000.0    
    1662   1000.0    
    1663   1000.0    
    1664   978.85    
    1665   994.35    
    1666   953.15    
    1667   987.02    
    1668   977.62    
    1669   983.42    
    1670   992.51    
    1671   979.28    
    1672   990.63    
    1673   988.15    
    1674   995.92    
    1675   990.60    
    1676   987.42    
    1677   990.36    
 
  ***** POST1 NODAL DEGREE OF FREEDOM LISTING *****                            
 
  LOAD STEP=     1  SUBSTEP=     1                                             
   TIME=    1.0000      LOAD CASE=   0                                         
 
    NODE      VOLT  
    1678   979.20    
    1679   987.54    
    1680   995.93    
    1681   981.62    
    1682   993.37    
    1683   955.50    
    1684   962.93    
    1685   968.38    
    1686   990.40    
    1687   981.53    
    1688   962.73    
    1689   1000.0    
    1690   1000.0    
    1691   1000.0    
    1692   1000.0    
    1693   1000.0    
    1694   1000.0    
    1695   1000.0    
    1696   1000.0    
    1697   1000.0    
    1698   936.94    
    1699   1000.0    
    1700   1000.0    
    1701   970.11    
    1702   994.18    
    1703   978.33    
    1704   986.67    
    1705   951.98    
    1706   977.04    
    1707   937.64    
    1708   1000.0    
    1709   970.14    
    1710   957.32    
    1711   957.50    
    1712   927.92    
    1713   942.69    
    1714   1000.0    
    1715   1000.0    
    1716   1000.0    
 
  ***** POST1 NODAL DEGREE OF FREEDOM LISTING *****                            
 
  LOAD STEP=     1  SUBSTEP=     1                                             
   TIME=    1.0000      LOAD CASE=   0                                         
 
    NODE      VOLT  
    1717   1000.0    
    1718   1000.0    
    1719   1000.0    
    1720   1000.0    
    1721   994.19    
    1722   986.68    
    1723   978.45    
    1724   952.07    
    1725   977.11    
    1726   1000.0    
    1727   1000.0    
    1728   1000.0    
    1729   1000.0    
    1730   1000.0    
    1731   982.77    
    1732   997.93    
    1733   989.74    
    1734   987.94    
    1735   995.63    
    1736   987.02    
    1737   961.65    
    1738   981.52    
    1739   992.21    
    1740   995.64    
    1741   990.31    
    1742   978.63    
    1743   989.72    
    1744   990.33    
    1745   961.79    
    1746   978.68    
    1747   987.81    
    1748   954.37    
    1749   981.55    
    1750   967.57    
    1751   987.05    
    1752   1000.0    
    1753   1000.0    
    1754   1000.0    
    1755   1000.0    
 
  ***** POST1 NODAL DEGREE OF FREEDOM LISTING *****                            
 
  LOAD STEP=     1  SUBSTEP=     1                                             
   TIME=    1.0000      LOAD CASE=   0                                         
 
    NODE      VOLT  
    1756   1000.0    
    1757   1000.0    
    1758   1000.0    
    1759   1000.0    
    1760   1000.0    
    1761   940.00    
    1762   970.88    
    1763   1000.0    
    1764   1000.0    
    1765   987.37    
    1766   953.29    
    1767   993.77    
    1768   979.53    
    1769   977.65    
    1770   939.03    
    1771   1000.0    
    1772   959.42    
    1773   971.33    
    1774   930.02    
    1775   959.27    
    1776   944.57    
    1777   1000.0    
    1778   1000.0    
    1779   1000.0    
    1780   1000.0    
    1781   1000.0    
    1782   1000.0    
    1783   1000.0    
    1784   1000.0    
    1785   1000.0    
    1786   1000.0    
    1787   1000.0    
    1788   1000.0    
    1789   987.37    
    1790   993.75    
    1791   953.17    
    1792   979.38    
    1793   977.56    
    1794   983.31    
 
  ***** POST1 NODAL DEGREE OF FREEDOM LISTING *****                            
 
  LOAD STEP=     1  SUBSTEP=     1                                             
   TIME=    1.0000      LOAD CASE=   0                                         
 
    NODE      VOLT  
    1795   979.04    
    1796   995.34    
    1797   978.22    
    1798   990.79    
    1799   992.51    
    1800   990.80    
    1801   979.09    
    1802   974.12    
    1803   995.93    
    1804   989.96    
    1805   998.03    
    1806   968.81    
    1807   982.44    
    1808   978.33    
    1809   995.35    
    1810   962.76    
    1811   962.96    
    1812   982.40    
    1813   995.92    
    1814   989.95    
    1815   988.48    
    1816   942.29    
    1817   938.95    
    1818   936.74    
    1819   945.02    
    1820   780.77    
    1821   806.51    
    1822   811.40    
    1823   293.98    
    1824   293.11    
    1825   325.70    
    1826   300.91    
    1827   611.84    
    1828   619.25    
    1829   629.28    
    1830   318.14    
    1831   300.97    
    1832   581.48    
    1833   705.11    
 
  ***** POST1 NODAL DEGREE OF FREEDOM LISTING *****                            
 
  LOAD STEP=     1  SUBSTEP=     1                                             
   TIME=    1.0000      LOAD CASE=   0                                         
 
    NODE      VOLT  
    1834   687.42    
    1835   562.96    
    1836   776.65    
    1837   811.87    
    1838   804.67    
    1839   804.16    
    1840   781.45    
    1841   778.44    
    1842   808.38    
    1843   809.25    
    1844   786.83    
    1845   785.19    
    1846   601.64    
    1847   653.38    
    1848   586.27    
    1849   638.61    
    1850   939.63    
    1851   936.63    
    1852   938.57    
    1853   941.08    
    1854   791.88    
    1855   801.83    
    1856   292.79    
    1857   293.05    
    1858   322.95    
    1859   341.46    
    1860   609.34    
    1861   634.58    
    1862   666.92    
    1863   323.16    
    1864   315.68    
    1865   585.75    
    1866   709.35    
    1867   699.60    
    1868   576.73    
    1869   774.94    
    1870   828.16    
    1871   810.45    
    1872   801.43    
 
  ***** POST1 NODAL DEGREE OF FREEDOM LISTING *****                            
 
  LOAD STEP=     1  SUBSTEP=     1                                             
   TIME=    1.0000      LOAD CASE=   0                                         
 
    NODE      VOLT  
    1873   799.13    
    1874   778.03    
    1875   780.28    
    1876   828.23    
    1877   826.95    
    1878   806.53    
    1879   807.55    
    1880   648.70    
    1881   683.37    
    1882   585.70    
    1883   631.75    
    1884   0.0000    
    1885   0.0000    
    1886   0.0000    
    1887   0.0000    
    1888   0.0000    
    1889   0.0000    
    1890   0.0000    
    1891   0.0000    
    1892   0.0000    
    1893   0.0000    
    1894   0.0000    
    1895   0.0000    
    1896   0.0000    
    1897   0.0000    
    1898   0.0000    
    1899   0.0000    
    1900   0.0000    
    1901   0.0000    
    1902   0.0000    
    1903   0.0000    
    1904   0.0000    
    1905   945.67    
    1906   936.79    
    1907   938.86    
    1908   941.60    
    1909   945.79    
    1910   936.29    
    1911   938.87    
 
  ***** POST1 NODAL DEGREE OF FREEDOM LISTING *****                            
 
  LOAD STEP=     1  SUBSTEP=     1                                             
   TIME=    1.0000      LOAD CASE=   0                                         
 
    NODE      VOLT  
    1912   937.94    
    1913   908.10    
    1914   911.68    
    1915   916.18    
    1916   915.81    
    1917   906.19    
    1918   915.96    
    1919   912.69    
    1920   909.43    
    1921   945.20    
    1922   915.26    
    1923   909.13    
    1924   905.48    
    1925   906.30    
    1926   915.00    
    1927   914.32    
    1928   917.12    
    1929   962.08    
    1930   954.69    
    1931   950.67    
    1932   953.97    
    1933   948.12    
    1934   940.77    
    1935   943.62    
    1936   941.42    
    1937   943.84    
    1938   941.41    
    1939   943.78    
    1940   938.16    
    1941   940.43    
    1942   937.07    
    1943   946.87    
    1944   928.86    
    1945   946.61    
    1946   951.31    
    1947   946.95    
    1948   950.03    
    1949   944.44    
    1950   938.05    
 
  ***** POST1 NODAL DEGREE OF FREEDOM LISTING *****                            
 
  LOAD STEP=     1  SUBSTEP=     1                                             
   TIME=    1.0000      LOAD CASE=   0                                         
 
    NODE      VOLT  
    1951   941.02    
    1952   939.79    
    1953   943.24    
    1954   944.07    
    1955   942.24    
    1956   944.05    
    1957   941.82    
    1958   938.32    
    1959   946.86    
    1960   930.14    
    1961   947.41    
    1962   938.37    
    1963   947.46    
    1964   929.24    
    1965   946.84    
    1966   944.96    
    1967   944.13    
    1968   942.60    
    1969   940.43    
    1970   942.53    
    1971   944.50    
    1972   945.30    
    1973   946.65    
    1974   947.90    
    1975   949.09    
    1976   945.84    
    1977   947.36    
    1978   944.25    
    1979   942.24    
    1980   944.21    
    1981   941.75    
    1982   937.94    
    1983   947.05    
    1984   930.25    
    1985   947.41    
    1986   942.34    
    1987   944.78    
    1988   944.90    
    1989   947.69    
 
  ***** POST1 NODAL DEGREE OF FREEDOM LISTING *****                            
 
  LOAD STEP=     1  SUBSTEP=     1                                             
   TIME=    1.0000      LOAD CASE=   0                                         
 
    NODE      VOLT  
    1990   954.24    
    1991   950.42    
    1992   953.70    
    1993   947.65    
    1994   951.21    
    1995   915.90    
    1996   887.27    
    1997   936.24    
    1998   909.42    
    1999   904.46    
    2000   914.03    
    2001   887.29    
    2002   912.95    
    2003   908.01    
    2004   915.41    
    2005   885.76    
    2006   921.83    
    2007   884.05    
    2008   936.34    
    2009   936.18    
    2010   935.99    
    2011   960.70    
    2012   922.79    
    2013   905.54    
    2014   953.53    
    2015   937.64    
    2016   943.20    
    2017   939.82    
    2018   923.41    
    2019   923.33    
    2020   947.02    
    2021   973.02    
    2022   904.76    
    2023   931.51    
    2024   960.24    
    2025   919.03    
    2026   913.62    
    2027   940.27    
    2028   936.91    
 
  ***** POST1 NODAL DEGREE OF FREEDOM LISTING *****                            
 
  LOAD STEP=     1  SUBSTEP=     1                                             
   TIME=    1.0000      LOAD CASE=   0                                         
 
    NODE      VOLT  
    2029   902.58    
    2030   941.20    
    2031   912.37    
    2032   917.31    
    2033   924.65    
    2034   937.53    
    2035   934.31    
    2036   924.05    
    2037   904.10    
    2038   970.81    
    2039   977.88    
    2040   943.23    
    2041   951.76    
    2042   937.26    
    2043   902.31    
    2044   924.03    
    2045   904.03    
    2046   935.61    
    2047   938.29    
    2048   930.70    
    2049   937.44    
    2050   932.47    
    2051   925.00    
    2052   904.18    
    2053   937.01    
    2054   904.92    
    2055   952.71    
    2056   938.02    
    2057   971.70    
    2058   975.84    
    2059   938.46    
    2060   986.18    
    2061   916.78    
    2062   935.61    
    2063   936.94    
    2064   923.17    
    2065   929.32    
    2066   903.92    
    2067   904.46    
 
  ***** POST1 NODAL DEGREE OF FREEDOM LISTING *****                            
 
  LOAD STEP=     1  SUBSTEP=     1                                             
   TIME=    1.0000      LOAD CASE=   0                                         
 
    NODE      VOLT  
    2068   945.77    
    2069   959.62    
    2070   930.88    
    2071   923.22    
    2072   923.25    
    2073   928.57    
    2074   906.03    
    2075   969.41    
    2076   960.82    
    2077   916.10    
    2078   958.32    
    2079   932.59    
    2080   932.47    
    2081   929.45    
    2082   920.95    
    2083   920.08    
    2084   918.30    
    2085   924.24    
    2086   920.61    
    2087   918.73    
    2088   919.79    
    2089   920.01    
    2090   918.21    
    2091   914.90    
    2092   925.04    
    2093   919.03    
    2094   916.20    
    2095   917.52    
    2096   930.00    
    2097   800.76    
    2098   792.05    
    2099   302.95    
    2100   292.88    
    2101   337.71    
    2102   292.82    
    2103   643.97    
    2104   631.42    
    2105   617.67    
    2106   303.60    
 
  ***** POST1 NODAL DEGREE OF FREEDOM LISTING *****                            
 
  LOAD STEP=     1  SUBSTEP=     1                                             
   TIME=    1.0000      LOAD CASE=   0                                         
 
    NODE      VOLT  
    2107   324.29    
    2108   690.31    
    2109   566.77    
    2110   585.46    
    2111   708.43    
    2112   822.72    
    2113   775.28    
    2114   810.38    
    2115   786.31    
    2116   787.77    
    2117   823.74    
    2118   826.28    
    2119   778.12    
    2120   780.32    
    2121   805.91    
    2122   805.36    
    2123   649.34    
    2124   585.39    
    2125   677.50    
    2126   607.94    
    2127   780.03    
    2128   794.81    
    2129   812.08    
    2130   293.44    
    2131   293.22    
    2132   325.82    
    2133   301.28    
    2134   610.20    
    2135   619.37    
    2136   629.91    
    2137   316.49    
    2138   301.79    
    2139   578.64    
    2140   702.53    
    2141   687.16    
    2142   563.50    
    2143   776.14    
    2144   811.80    
    2145   800.24    
 
  ***** POST1 NODAL DEGREE OF FREEDOM LISTING *****                            
 
  LOAD STEP=     1  SUBSTEP=     1                                             
   TIME=    1.0000      LOAD CASE=   0                                         
 
    NODE      VOLT  
    2146   802.12    
    2147   781.19    
    2148   778.25    
    2149   808.50    
    2150   809.55    
    2151   788.78    
    2152   786.60    
    2153   602.55    
    2154   653.84    
    2155   586.35    
    2156   633.08    
    2157   748.28    
    2158   669.13    
    2159   828.79    
    2160   517.09    
    2161   470.20    
    2162   798.34    
    2163   624.53    
    2164   799.04    
    2165   454.17    
    2166   813.17    
    2167   808.86    
    2168   655.56    
    2169   532.36    
    2170   454.52    
    2171   828.28    
    2172   815.52    
    2173   612.49    
    2174   456.75    
    2175   792.54    
    2176   810.24    
    2177   800.00    
    2178   459.66    
    2179   532.14    
    2180   656.66    
    2181   802.29    
    2182   590.45    
    2183   800.27    
    2184   799.37    
 
  ***** POST1 NODAL DEGREE OF FREEDOM LISTING *****                            
 
  LOAD STEP=     1  SUBSTEP=     1                                             
   TIME=    1.0000      LOAD CASE=   0                                         
 
    NODE      VOLT  
    2185   833.61    
    2186   810.14    
    2187   802.63    
    2188   790.70    
    2189   829.03    
    2190   658.06    
    2191   812.68    
    2192   811.32    
    2193   708.28    
    2194   745.79    
    2195   789.62    
    2196   631.25    
    2197   593.64    
    2198   671.25    
    2199   608.78    
    2200   569.87    
    2201   493.58    
    2202   822.92    
    2203   770.32    
    2204   692.88    
    2205   741.15    
    2206   884.29    
    2207   652.00    
    2208   712.08    
    2209   605.31    
    2210   880.52    
    2211   879.54    
    2212   867.57    
    2213   872.96    
    2214   792.54    
    2215   857.87    
    2216   886.84    
    2217   887.40    
    2218   820.05    
    2219   882.72    
    2220   795.46    
    2221   791.47    
    2222   539.03    
    2223   627.01    
 
  ***** POST1 NODAL DEGREE OF FREEDOM LISTING *****                            
 
  LOAD STEP=     1  SUBSTEP=     1                                             
   TIME=    1.0000      LOAD CASE=   0                                         
 
    NODE      VOLT  
    2224   519.18    
    2225   805.86    
    2226   887.31    
    2227   860.45    
    2228   806.36    
    2229   878.80    
    2230   730.82    
    2231   594.19    
    2232   671.41    
    2233   632.71    
    2234   555.06    
    2235   493.14    
    2236   821.48    
    2237   886.27    
    2238   868.75    
    2239   888.13    
    2240   906.54    
    2241   735.38    
    2242   812.07    
    2243   809.78    
    2244   870.45    
    2245   292.49    
    2246   533.58    
    2247   712.03    
    2248   899.35    
    2249   711.35    
    2250   785.62    
    2251   884.81    
    2252   887.49    
    2253   894.95    
    2254   898.92    
    2255   485.28    
    2256   561.46    
    2257   739.15    
    2258   667.22    
    2259   634.32    
    2260   571.14    
    2261   312.18    
    2262   258.60    
 
  ***** POST1 NODAL DEGREE OF FREEDOM LISTING *****                            
 
  LOAD STEP=     1  SUBSTEP=     1                                             
   TIME=    1.0000      LOAD CASE=   0                                         
 
    NODE      VOLT  
    2263   227.22    
    2264   794.39    
    2265   797.97    
    2266   617.75    
    2267   791.05    
    2268   787.16    
    2269   313.08    
    2270   259.32    
    2271   228.87    
    2272   228.39    
    2273   486.80    
    2274   258.85    
    2275   791.34    
    2276   782.72    
    2277   789.89    
    2278   532.25    
    2279   541.10    
    2280   665.40    
    2281   808.11    
    2282   572.64    
    2283   703.30    
    2284   802.69    
    2285   822.62    
    2286   816.74    
    2287   882.72    
    2288   894.62    
    2289   899.10    
    2290   790.33    
    2291   881.97    
    2292   857.52    
    2293   866.30    
    2294   871.62    
    2295   691.39    
    2296   522.26    
    2297   627.45    
    2298   693.55    
    2299   631.14    
    2300   784.33    
    2301   885.61    
 
  ***** POST1 NODAL DEGREE OF FREEDOM LISTING *****                            
 
  LOAD STEP=     1  SUBSTEP=     1                                             
   TIME=    1.0000      LOAD CASE=   0                                         
 
    NODE      VOLT  
    2302   879.61    
    2303   790.40    
    2304   858.75    
    2305   886.84    
    2306   887.31    
    2307   807.31    
    2308   229.91    
    2309   495.69    
    2310   266.38    
    2311   266.26    
    2312   495.47    
    2313   532.14    
    2314   558.38    
    2315   726.90    
    2316   631.16    
    2317   594.52    
    2318   667.67    
    2319   777.30    
    2320   598.05    
    2321   784.31    
    2322   714.02    
    2323   525.56    
    2324   531.04    
    2325   306.83    
    2326   266.95    
    2327   227.36    
    2328   292.94    
    2329   316.14    
    2330   295.71    
    2331   622.27    
    2332   779.34    
    2333   787.58    
    2334   810.82    
    2335   546.78    
    2336   719.77    
    2337   617.40    
    2338   300.76    
    2339   885.33    
    2340   867.01    
 
  ***** POST1 NODAL DEGREE OF FREEDOM LISTING *****                            
 
  LOAD STEP=     1  SUBSTEP=     1                                             
   TIME=    1.0000      LOAD CASE=   0                                         
 
    NODE      VOLT  
    2341   892.31    
    2342   295.22    
    2343   867.83    
    2344   872.08    
    2345   793.24    
    2346   861.96    
    2347   881.65    
    2348   880.53    
    2349   693.16    
    2350   769.67    
    2351   884.83    
    2352   882.40    
    2353   718.46    
    2354   800.32    
    2355   886.31    
    2356   798.19    
    2357   501.25    
    2358   461.80    
    2359   563.08    
    2360   594.78    
    2361   563.68    
    2362   501.16    
    2363   266.53    
    2364   227.09    
    2365   235.36    
    2366   673.88    
    2367   637.30    
    2368   733.59    
    2369   535.45    
    2370   599.42    
    2371   306.09    
    2372   790.35    
    2373   741.14    
    2374   701.97    
    2375   861.98    
    2376   887.09    
    2377   809.41    
    2378   893.89    
    2379   904.79    
 
  ***** POST1 NODAL DEGREE OF FREEDOM LISTING *****                            
 
  LOAD STEP=     1  SUBSTEP=     1                                             
   TIME=    1.0000      LOAD CASE=   0                                         
 
    NODE      VOLT  
    2380   807.22    
    2381   904.49    
    2382   784.16    
    2383   881.92    
    2384   770.26    
    2385   862.27    
    2386   701.26    
    2387   739.99    
    2388   679.02    
    2389   889.36    
    2390   890.70    
    2391   786.56    
    2392   888.58    
    2393   889.56    
    2394   909.09    
    2395   895.28    
    2396   887.45    
    2397   807.56    
    2398   888.46    
    2399   880.97    
    2400   664.56    
    2401   803.46    
    2402   815.69    
    2403   679.25    
    2404   819.39    
    2405   674.88    
    2406   822.87    
    2407   801.86    
    2408   229.42    
    2409   886.00    
    2410   890.98    
    2411   879.61    
    2412   881.72    
    2413   235.34    
    2414   235.18    
    2415   888.44    
    2416   904.81    
    2417   740.92    
    2418   805.46    
 
  ***** POST1 NODAL DEGREE OF FREEDOM LISTING *****                            
 
  LOAD STEP=     1  SUBSTEP=     1                                             
   TIME=    1.0000      LOAD CASE=   0                                         
 
    NODE      VOLT  
    2419   885.55    
    2420   887.72    
    2421   742.65    
    2422   595.76    
    2423   658.46    
    2424   803.20    
    2425   806.64    
    2426   708.71    
    2427   792.58    
    2428   528.62    
    2429   227.55    
    2430   656.92    
    2431   730.61    
    2432   628.35    
    2433   636.04    
    2434   812.01    
    2435   227.32    
    2436   609.40    
    2437   749.57    
    2438   568.19    
    2439   706.93    
    2440   892.35    
    2441   830.41    
    2442   787.25    
    2443   806.55    
    2444   776.42    
    2445   890.02    
    2446   697.43    
    2447   895.84    
    2448   796.83    
    2449   889.90    
    2450   627.45    
    2451   740.96    
    2452   588.00    
    2453   666.12    
    2454   823.04    
    2455   733.60    
    2456   463.09    
    2457   702.55    
 
  ***** POST1 NODAL DEGREE OF FREEDOM LISTING *****                            
 
  LOAD STEP=     1  SUBSTEP=     1                                             
   TIME=    1.0000      LOAD CASE=   0                                         
 
    NODE      VOLT  
    2458   564.36    
    2459   823.36    
    2460   815.85    
    2461   861.63    
    2462   887.58    
    2463   890.17    
    2464   895.80    
    2465   813.12    
    2466   885.16    
    2467   882.48    
    2468   557.91    
    2469   818.46    
    2470   660.20    
    2471   894.47    
    2472   897.27    
    2473   890.37    
    2474   899.08    
    2475   906.81    
    2476   888.97    
    2477   793.43    
    2478   750.24    
    2479   828.16    
    2480   740.77    
    2481   736.33    
    2482   822.55    
    2483   806.31    
    2484   734.68    
    2485   790.43    
    2486   885.44    
    2487   862.26    
    2488   888.82    
    2489   885.71    
    2490   810.39    
    2491   462.00    
    2492   493.97    
    2493   743.44    
    2494   827.97    
    2495   662.99    
    2496   555.00    
 
  ***** POST1 NODAL DEGREE OF FREEDOM LISTING *****                            
 
  LOAD STEP=     1  SUBSTEP=     1                                             
   TIME=    1.0000      LOAD CASE=   0                                         
 
    NODE      VOLT  
    2497   626.96    
    2498   880.86    
    2499   690.59    
    2500   725.31    
    2501   897.32    
    2502   887.61    
    2503   901.61    
    2504   903.98    
    2505   807.58    
    2506   899.33    
    2507   906.74    
    2508   865.53    
    2509   873.29    
    2510   790.25    
    2511   856.64    
    2512   887.88    
    2513   561.56    
    2514   266.15    
    2515   294.95    
    2516   523.21    
    2517   588.45    
    2518   691.49    
    2519   636.43    
    2520   625.36    
    2521   798.75    
    2522   801.85    
    2523   867.87    
    2524   743.64    
    2525   877.90    
    2526   887.17    
    2527   226.50    
    2528   519.84    
    2529   633.50    
    2530   630.09    
    2531   520.94    
    2532   868.08    
    2533   881.39    
    2534   858.40    
    2535   887.23    
 
  ***** POST1 NODAL DEGREE OF FREEDOM LISTING *****                            
 
  LOAD STEP=     1  SUBSTEP=     1                                             
   TIME=    1.0000      LOAD CASE=   0                                         
 
    NODE      VOLT  
    2536   877.24    
    2537   869.61    
    2538   812.54    
    2539   891.09    
    2540   727.01    
    2541   824.67    
    2542   819.20    
    2543   887.55    
    2544   881.16    
    2545   812.35    
    2546   889.30    
    2547   866.22    
    2548   892.39    
    2549   888.15    
    2550   636.14    
    2551   805.59    
    2552   892.29    
    2553   855.77    
    2554   885.81    
    2555   724.01    
    2556   803.74    
    2557   887.94    
    2558   798.57    
    2559   634.47    
    2560   907.79    
    2561   897.73    
    2562   892.23    
    2563   893.33    
    2564   702.84    
    2565   883.60    
    2566   879.54    
    2567   795.18    
    2568   821.29    
    2569   885.83    
    2570   453.81    
    2571   726.30    
    2572   878.15    
    2573   885.92    
    2574   801.60    
 
  ***** POST1 NODAL DEGREE OF FREEDOM LISTING *****                            
 
  LOAD STEP=     1  SUBSTEP=     1                                             
   TIME=    1.0000      LOAD CASE=   0                                         
 
    NODE      VOLT  
    2575   888.29    
    2576   801.02    
    2577   895.62    
    2578   889.99    
    2579   809.49    
    2580   889.70    
    2581   545.45    
    2582   622.35    
    2583   808.61    
    2584   811.31    
    2585   806.13    
    2586   878.74    
    2587   807.42    
    2588   884.12    
    2589   235.17    
    2590   717.56    
    2591   813.69    
    2592   719.82    
    2593   887.09    
    2594   895.60    
    2595   794.10    
    2596   892.84    
    2597   797.52    
    2598   787.89    
    2599   893.15    
    2600   885.36    
    2601   694.16    
    2602   816.67    
    2603   693.50    
    2604   885.36    
    2605   885.62    
    2606   805.25    
    2607   888.60    
    2608   551.63    
    2609   627.84    
    2610   639.79    
    2611   542.55    
    2612   886.63    
    2613   769.82    
 
  ***** POST1 NODAL DEGREE OF FREEDOM LISTING *****                            
 
  LOAD STEP=     1  SUBSTEP=     1                                             
   TIME=    1.0000      LOAD CASE=   0                                         
 
    NODE      VOLT  
    2614   887.45    
    2615   882.22    
    2616   726.48    
    2617   810.68    
    2618   806.69    
    2619   292.82    
    2620   876.97    
    2621   719.78    
    2622   803.14    
    2623   886.93    
    2624   771.71    
    2625   892.33    
    2626   705.51    
    2627   793.00    
    2628   894.92    
    2629   706.65    
    2630   693.34    
    2631   885.41    
    2632   785.64    
    2633   827.65    
    2634   779.33    
    2635   774.70    
    2636   804.71    
    2637   884.75    
    2638   770.47    
    2639   826.17    
    2640   823.05    
    2641   811.32    
    2642   799.29    
    2643   800.92    
    2644   624.02    
    2645   782.96    
    2646   806.48    
    2647   771.39    
    2648   806.93    
    2649   788.33    
    2650   792.33    
    2651   227.57    
    2652   801.88    
 
  ***** POST1 NODAL DEGREE OF FREEDOM LISTING *****                            
 
  LOAD STEP=     1  SUBSTEP=     1                                             
   TIME=    1.0000      LOAD CASE=   0                                         
 
    NODE      VOLT  
    2653   790.97    
    2654   785.93    
    2655   805.93    
    2656   884.57    
    2657   883.36    
    2658   883.24    
    2659   807.38    
    2660   806.92    
    2661   810.69    
    2662   773.40    
    2663   808.10    
    2664   786.66    
    2665   805.66    
    2666   803.71    
    2667   809.14    
    2668   807.17    
    2669   810.34    
    2670   292.34    
    2671   519.40    
    2672   809.28    
    2673   807.48    
    2674   795.20    
    2675   552.41    
    2676   770.27    
    2677   823.76    
    2678   807.81    
    2679   829.04    
    2680   794.49    
    2681   789.46    
    2682   810.87    
    2683   802.71    
    2684   829.31    
    2685   810.77    

 MAXIMUM ABSOLUTE VALUES
 NODE          1
 VALUE    1000.0    

